mode: atomic
github.com/dstroot/go1.8-http-graceful-exit/pkg/router/router.go:12.31,28.2 7 1
github.com/dstroot/go1.8-http-graceful-exit/pkg/handlers/handlers.go:14.73,28.32 2 1
github.com/dstroot/go1.8-http-graceful-exit/pkg/handlers/handlers.go:39.2,50.16 4 1
github.com/dstroot/go1.8-http-graceful-exit/pkg/handlers/handlers.go:28.32,30.17 2 1
github.com/dstroot/go1.8-http-graceful-exit/pkg/handlers/handlers.go:34.3,34.30 1 1
github.com/dstroot/go1.8-http-graceful-exit/pkg/handlers/handlers.go:30.17,33.4 2 0
github.com/dstroot/go1.8-http-graceful-exit/pkg/handlers/handlers.go:50.16,53.3 2 0
github.com/dstroot/go1.8-http-graceful-exit/pkg/handlers/handlers.go:57.72,74.16 4 1
github.com/dstroot/go1.8-http-graceful-exit/pkg/handlers/handlers.go:74.16,76.3 1 0
github.com/dstroot/go1.8-http-graceful-exit/pkg/handlers/handlers.go:80.73,82.2 1 1
github.com/dstroot/go1.8-http-graceful-exit/pkg/router/router.go:12.31,28.2 7 1
github.com/dstroot/go1.8-http-graceful-exit/pkg/router/router.go:12.31,28.2 7 1
