mode: atomic
github.com/dstroot/go1.8-http-graceful-exit/main.go:22.13,26.16 2 0
github.com/dstroot/go1.8-http-graceful-exit/main.go:32.2,60.12 11 0
github.com/dstroot/go1.8-http-graceful-exit/main.go:65.2,65.6 1 0
github.com/dstroot/go1.8-http-graceful-exit/main.go:26.16,29.3 2 0
github.com/dstroot/go1.8-http-graceful-exit/main.go:60.12,62.3 1 0
github.com/dstroot/go1.8-http-graceful-exit/main.go:65.6,66.10 1 0
github.com/dstroot/go1.8-http-graceful-exit/main.go:67.25,68.35 1 0
github.com/dstroot/go1.8-http-graceful-exit/main.go:71.15,78.42 6 0
github.com/dstroot/go1.8-http-graceful-exit/main.go:81.4,82.14 2 0
github.com/dstroot/go1.8-http-graceful-exit/main.go:68.35,70.5 1 0
github.com/dstroot/go1.8-http-graceful-exit/main.go:78.42,80.5 1 0
github.com/dstroot/go1.8-http-graceful-exit/pkg/handlers/handlers.go:19.73,48.16 3 1
github.com/dstroot/go1.8-http-graceful-exit/pkg/handlers/handlers.go:48.16,51.3 2 0
github.com/dstroot/go1.8-http-graceful-exit/pkg/handlers/handlers.go:55.72,66.16 3 1
github.com/dstroot/go1.8-http-graceful-exit/pkg/handlers/handlers.go:66.16,69.3 2 0
github.com/dstroot/go1.8-http-graceful-exit/pkg/handlers/handlers.go:73.73,75.2 1 1
github.com/dstroot/go1.8-http-graceful-exit/pkg/router/router.go:12.31,28.2 7 1
github.com/dstroot/go1.8-http-graceful-exit/pkg/tmpl/tmpl.go:46.35,48.17 2 3
github.com/dstroot/go1.8-http-graceful-exit/pkg/tmpl/tmpl.go:52.2,62.36 3 3
github.com/dstroot/go1.8-http-graceful-exit/pkg/tmpl/tmpl.go:66.2,66.10 1 3
github.com/dstroot/go1.8-http-graceful-exit/pkg/tmpl/tmpl.go:48.17,50.3 1 2
github.com/dstroot/go1.8-http-graceful-exit/pkg/tmpl/tmpl.go:62.36,64.3 1 3
github.com/dstroot/go1.8-http-graceful-exit/pkg/tmpl/tmpl.go:70.33,71.36 1 4
github.com/dstroot/go1.8-http-graceful-exit/pkg/tmpl/tmpl.go:75.2,75.37 1 4
github.com/dstroot/go1.8-http-graceful-exit/pkg/tmpl/tmpl.go:79.2,79.38 1 4
github.com/dstroot/go1.8-http-graceful-exit/pkg/tmpl/tmpl.go:83.2,83.35 1 4
github.com/dstroot/go1.8-http-graceful-exit/pkg/tmpl/tmpl.go:87.2,87.36 1 4
github.com/dstroot/go1.8-http-graceful-exit/pkg/tmpl/tmpl.go:91.2,91.37 1 4
github.com/dstroot/go1.8-http-graceful-exit/pkg/tmpl/tmpl.go:71.36,73.3 1 1
github.com/dstroot/go1.8-http-graceful-exit/pkg/tmpl/tmpl.go:75.37,77.3 1 3
github.com/dstroot/go1.8-http-graceful-exit/pkg/tmpl/tmpl.go:79.38,81.3 1 3
github.com/dstroot/go1.8-http-graceful-exit/pkg/tmpl/tmpl.go:83.35,85.3 1 3
github.com/dstroot/go1.8-http-graceful-exit/pkg/tmpl/tmpl.go:87.36,89.3 1 3
github.com/dstroot/go1.8-http-graceful-exit/pkg/tmpl/tmpl.go:91.37,93.3 1 3
github.com/dstroot/go1.8-http-graceful-exit/pkg/tmpl/tmpl.go:97.35,101.16 2 4
github.com/dstroot/go1.8-http-graceful-exit/pkg/tmpl/tmpl.go:106.2,107.16 2 4
github.com/dstroot/go1.8-http-graceful-exit/pkg/tmpl/tmpl.go:112.2,113.16 2 4
github.com/dstroot/go1.8-http-graceful-exit/pkg/tmpl/tmpl.go:118.2,119.29 2 4
github.com/dstroot/go1.8-http-graceful-exit/pkg/tmpl/tmpl.go:101.16,103.3 1 0
github.com/dstroot/go1.8-http-graceful-exit/pkg/tmpl/tmpl.go:107.16,109.3 1 0
github.com/dstroot/go1.8-http-graceful-exit/pkg/tmpl/tmpl.go:113.16,115.3 1 0
github.com/dstroot/go1.8-http-graceful-exit/pkg/tmpl/tmpl.go:119.29,126.3 2 6
github.com/dstroot/go1.8-http-graceful-exit/pkg/tmpl/tmpl.go:133.104,136.9 2 1
github.com/dstroot/go1.8-http-graceful-exit/pkg/tmpl/tmpl.go:141.2,146.16 4 1
github.com/dstroot/go1.8-http-graceful-exit/pkg/tmpl/tmpl.go:151.2,153.12 3 1
github.com/dstroot/go1.8-http-graceful-exit/pkg/tmpl/tmpl.go:136.9,138.3 1 0
github.com/dstroot/go1.8-http-graceful-exit/pkg/tmpl/tmpl.go:146.16,148.3 1 0
